Copyright 1986-2017 Xilinx, Inc. All Rights Reserved.
----------------------------------------------------------------------------------------------------------------------------------------------------------------------
| Tool Version     : Vivado v.2017.4 (win64) Build 2086221 Fri Dec 15 20:55:39 MST 2017
| Date             : Thu Feb 15 13:41:02 2018
| Host             : DESKTOP-D62POV0 running 64-bit major release  (build 9200)
| Command          : report_power -file BlockRam_wrapper_power_routed.rpt -pb BlockRam_wrapper_power_summary_routed.pb -rpx BlockRam_wrapper_power_routed.rpx
| Design           : BlockRam_wrapper
| Device           : xc7z020clg484-1
| Design State     : routed
| Grade            : commercial
| Process          : typical
| Characterization : Production
----------------------------------------------------------------------------------------------------------------------------------------------------------------------

Power Report

Table of Contents
-----------------
1. Summary
1.1 On-Chip Components
1.2 Power Supply Summary
1.3 Confidence Level
2. Settings
2.1 Environment
2.2 Clock Constraints
3. Detailed Reports
3.1 By Hierarchy

1. Summary
----------

+--------------------------+--------------+
| Total On-Chip Power (W)  | 1.700        |
| Design Power Budget (W)  | Unspecified* |
| Power Budget Margin (W)  | NA           |
| Dynamic (W)              | 1.555        |
| Device Static (W)        | 0.145        |
| Effective TJA (C/W)      | 11.5         |
| Max Ambient (C)          | 65.4         |
| Junction Temperature (C) | 44.6         |
| Confidence Level         | Low          |
| Setting File             | ---          |
| Simulation Activity File | ---          |
| Design Nets Matched      | NA           |
+--------------------------+--------------+
* Specify Design Power Budget using, set_operating_conditions -design_power_budget <value in Watts>


1.1 On-Chip Components
----------------------

+-------------------------+-----------+----------+-----------+-----------------+
| On-Chip                 | Power (W) | Used     | Available | Utilization (%) |
+-------------------------+-----------+----------+-----------+-----------------+
| Clocks                  |     0.009 |        3 |       --- |             --- |
| Slice Logic             |     0.005 |     5599 |       --- |             --- |
|   LUT as Logic          |     0.004 |     1896 |     53200 |            3.56 |
|   Register              |    <0.001 |     2610 |    106400 |            2.45 |
|   CARRY4                |    <0.001 |       58 |     13300 |            0.44 |
|   F7/F8 Muxes           |    <0.001 |       59 |     53200 |            0.11 |
|   LUT as Shift Register |    <0.001 |      146 |     17400 |            0.84 |
|   Others                |     0.000 |      300 |       --- |             --- |
| Signals                 |     0.007 |     4173 |       --- |             --- |
| Block RAM               |     0.005 |        2 |       140 |            1.43 |
| I/O                     |    <0.001 |       13 |       200 |            6.50 |
| PS7                     |     1.529 |        1 |       --- |             --- |
| Static Power            |     0.145 |          |           |                 |
| Total                   |     1.700 |          |           |                 |
+-------------------------+-----------+----------+-----------+-----------------+


1.2 Power Supply Summary
------------------------

+-----------+-------------+-----------+-------------+------------+
| Source    | Voltage (V) | Total (A) | Dynamic (A) | Static (A) |
+-----------+-------------+-----------+-------------+------------+
| Vccint    |       1.000 |     0.040 |       0.025 |      0.015 |
| Vccaux    |       1.800 |     0.015 |       0.000 |      0.015 |
| Vcco33    |       3.300 |     0.001 |       0.000 |      0.001 |
| Vcco25    |       2.500 |     0.000 |       0.000 |      0.000 |
| Vcco18    |       1.800 |     0.000 |       0.000 |      0.000 |
| Vcco15    |       1.500 |     0.000 |       0.000 |      0.000 |
| Vcco135   |       1.350 |     0.000 |       0.000 |      0.000 |
| Vcco12    |       1.200 |     0.000 |       0.000 |      0.000 |
| Vccaux_io |       1.800 |     0.000 |       0.000 |      0.000 |
| Vccbram   |       1.000 |     0.001 |       0.000 |      0.001 |
| MGTAVcc   |       1.000 |     0.000 |       0.000 |      0.000 |
| MGTAVtt   |       1.200 |     0.000 |       0.000 |      0.000 |
| MGTVccaux |       1.800 |     0.000 |       0.000 |      0.000 |
| Vccpint   |       1.000 |     0.748 |       0.718 |      0.030 |
| Vccpaux   |       1.800 |     0.061 |       0.051 |      0.010 |
| Vccpll    |       1.800 |     0.017 |       0.014 |      0.003 |
| Vcco_ddr  |       1.500 |     0.459 |       0.457 |      0.002 |
| Vcco_mio0 |       3.300 |     0.003 |       0.002 |      0.001 |
| Vcco_mio1 |       1.800 |     0.003 |       0.002 |      0.001 |
| Vccadc    |       1.800 |     0.020 |       0.000 |      0.020 |
+-----------+-------------+-----------+-------------+------------+


1.3 Confidence Level
--------------------

+-----------------------------+------------+--------------------------------------------------------+------------------------------------------------------------------------------------------------------------+
| User Input Data             | Confidence | Details                                                | Action                                                                                                     |
+-----------------------------+------------+--------------------------------------------------------+------------------------------------------------------------------------------------------------------------+
| Design implementation state | High       | Design is routed                                       |                                                                                                            |
| Clock nodes activity        | High       | User specified more than 95% of clocks                 |                                                                                                            |
| I/O nodes activity          | Low        | More than 75% of inputs are missing user specification | Provide missing input activity with simulation results or by editing the "By Resource Type -> I/Os" view   |
| Internal nodes activity     | Medium     | User specified less than 25% of internal nodes         | Provide missing internal nodes activity with simulation results or by editing the "By Resource Type" views |
| Device models               | High       | Device models are Production                           |                                                                                                            |
|                             |            |                                                        |                                                                                                            |
| Overall confidence level    | Low        |                                                        |                                                                                                            |
+-----------------------------+------------+--------------------------------------------------------+------------------------------------------------------------------------------------------------------------+


2. Settings
-----------

2.1 Environment
---------------

+-----------------------+------------------------+
| Ambient Temp (C)      | 25.0                   |
| ThetaJA (C/W)         | 11.5                   |
| Airflow (LFM)         | 250                    |
| Heat Sink             | none                   |
| ThetaSA (C/W)         | 0.0                    |
| Board Selection       | medium (10"x10")       |
| # of Board Layers     | 8to11 (8 to 11 Layers) |
| Board Temperature (C) | 25.0                   |
+-----------------------+------------------------+


2.2 Clock Constraints
---------------------

+------------+-------------------------------------------------------------+-----------------+
| Clock      | Domain                                                      | Constraint (ns) |
+------------+-------------------------------------------------------------+-----------------+
| clk_fpga_0 | BlockRam_i/processing_system7_0/inst/FCLK_CLK_unbuffered[0] |            10.0 |
+------------+-------------------------------------------------------------+-----------------+


3. Detailed Reports
-------------------

3.1 By Hierarchy
----------------

+-----------------------------------------------------------------+-----------+
| Name                                                            | Power (W) |
+-----------------------------------------------------------------+-----------+
| BlockRam_wrapper                                                |     1.555 |
|   BlockRam_i                                                    |     1.555 |
|     LFSR_0                                                      |    <0.001 |
|       inst                                                      |    <0.001 |
|         LFSR_v1_0_S00_AXI_inst                                  |    <0.001 |
|     axi_bram_ctrl_0                                             |     0.002 |
|       U0                                                        |     0.002 |
|         gext_inst.abcv4_0_ext_inst                              |     0.002 |
|           GEN_AXI4.I_FULL_AXI                                   |     0.002 |
|             GEN_ARB.I_SNG_PORT                                  |    <0.001 |
|             I_RD_CHNL                                           |     0.001 |
|               I_WRAP_BRST                                       |    <0.001 |
|             I_WR_CHNL                                           |    <0.001 |
|               BID_FIFO                                          |    <0.001 |
|               I_WRAP_BRST                                       |    <0.001 |
|     axi_bram_ctrl_1                                             |     0.002 |
|       U0                                                        |     0.002 |
|         gext_inst.abcv4_0_ext_inst                              |     0.002 |
|           GEN_AXI4.I_FULL_AXI                                   |     0.002 |
|             GEN_ARB.I_SNG_PORT                                  |    <0.001 |
|             I_RD_CHNL                                           |     0.001 |
|               I_WRAP_BRST                                       |    <0.001 |
|             I_WR_CHNL                                           |    <0.001 |
|               BID_FIFO                                          |    <0.001 |
|               I_WRAP_BRST                                       |    <0.001 |
|     axi_gpio_0                                                  |    <0.001 |
|       U0                                                        |    <0.001 |
|         AXI_LITE_IPIF_I                                         |    <0.001 |
|           I_SLAVE_ATTACHMENT                                    |    <0.001 |
|             I_DECODER                                           |    <0.001 |
|         gpio_core_1                                             |    <0.001 |
|           Dual.INPUT_DOUBLE_REGS4                               |    <0.001 |
|     axi_interconnect_0                                          |     0.014 |
|       m02_couplers                                              |     0.004 |
|         auto_pc                                                 |     0.004 |
|           inst                                                  |     0.004 |
|             gen_axilite.gen_b2s_conv.axilite_b2s                |     0.004 |
|               RD.ar_channel_0                                   |    <0.001 |
|                 ar_cmd_fsm_0                                    |    <0.001 |
|                 cmd_translator_0                                |    <0.001 |
|                   incr_cmd_0                                    |    <0.001 |
|                   wrap_cmd_0                                    |    <0.001 |
|               RD.r_channel_0                                    |    <0.001 |
|                 rd_data_fifo_0                                  |    <0.001 |
|                 transaction_fifo_0                              |    <0.001 |
|               SI_REG                                            |     0.001 |
|                 ar.ar_pipe                                      |    <0.001 |
|                 aw.aw_pipe                                      |    <0.001 |
|                 b.b_pipe                                        |    <0.001 |
|                 r.r_pipe                                        |    <0.001 |
|               WR.aw_channel_0                                   |    <0.001 |
|                 aw_cmd_fsm_0                                    |    <0.001 |
|                 cmd_translator_0                                |    <0.001 |
|                   incr_cmd_0                                    |    <0.001 |
|                   wrap_cmd_0                                    |    <0.001 |
|               WR.b_channel_0                                    |    <0.001 |
|                 bid_fifo_0                                      |    <0.001 |
|                 bresp_fifo_0                                    |    <0.001 |
|       m03_couplers                                              |     0.003 |
|         auto_pc                                                 |     0.003 |
|           inst                                                  |     0.003 |
|             gen_axilite.gen_b2s_conv.axilite_b2s                |     0.003 |
|               RD.ar_channel_0                                   |    <0.001 |
|                 ar_cmd_fsm_0                                    |    <0.001 |
|                 cmd_translator_0                                |    <0.001 |
|                   incr_cmd_0                                    |    <0.001 |
|                   wrap_cmd_0                                    |    <0.001 |
|               RD.r_channel_0                                    |    <0.001 |
|                 rd_data_fifo_0                                  |    <0.001 |
|                 transaction_fifo_0                              |    <0.001 |
|               SI_REG                                            |     0.001 |
|                 ar.ar_pipe                                      |    <0.001 |
|                 aw.aw_pipe                                      |    <0.001 |
|                 b.b_pipe                                        |    <0.001 |
|                 r.r_pipe                                        |    <0.001 |
|               WR.aw_channel_0                                   |    <0.001 |
|                 aw_cmd_fsm_0                                    |    <0.001 |
|                 cmd_translator_0                                |    <0.001 |
|                   incr_cmd_0                                    |    <0.001 |
|                   wrap_cmd_0                                    |    <0.001 |
|               WR.b_channel_0                                    |    <0.001 |
|                 bid_fifo_0                                      |    <0.001 |
|                 bresp_fifo_0                                    |    <0.001 |
|       s00_couplers                                              |     0.000 |
|         auto_pc                                                 |     0.000 |
|           inst                                                  |     0.000 |
|       xbar                                                      |     0.007 |
|         inst                                                    |     0.007 |
|           gen_samd.crossbar_samd                                |     0.007 |
|             addr_arbiter_ar                                     |    <0.001 |
|             addr_arbiter_aw                                     |    <0.001 |
|             gen_decerr_slave.decerr_slave_inst                  |    <0.001 |
|             gen_master_slots[0].reg_slice_mi                    |    <0.001 |
|               b.b_pipe                                          |    <0.001 |
|               r.r_pipe                                          |    <0.001 |
|             gen_master_slots[1].reg_slice_mi                    |    <0.001 |
|               b.b_pipe                                          |    <0.001 |
|               r.r_pipe                                          |    <0.001 |
|             gen_master_slots[2].reg_slice_mi                    |    <0.001 |
|               b.b_pipe                                          |    <0.001 |
|               r.r_pipe                                          |    <0.001 |
|             gen_master_slots[3].reg_slice_mi                    |    <0.001 |
|               b.b_pipe                                          |    <0.001 |
|               r.r_pipe                                          |    <0.001 |
|             gen_master_slots[4].reg_slice_mi                    |    <0.001 |
|               b.b_pipe                                          |    <0.001 |
|               r.r_pipe                                          |    <0.001 |
|             gen_slave_slots[0].gen_si_read.si_transactor_ar     |     0.002 |
|               gen_multi_thread.arbiter_resp_inst                |    <0.001 |
|               gen_multi_thread.mux_resp_multi_thread            |    <0.001 |
|             gen_slave_slots[0].gen_si_write.si_transactor_aw    |     0.002 |
|               gen_multi_thread.arbiter_resp_inst                |    <0.001 |
|               gen_multi_thread.mux_resp_multi_thread            |    <0.001 |
|             gen_slave_slots[0].gen_si_write.splitter_aw_si      |    <0.001 |
|             gen_slave_slots[0].gen_si_write.wdata_router_w      |    <0.001 |
|               wrouter_aw_fifo                                   |    <0.001 |
|                 gen_srls[0].gen_rep[0].srl_nx1                  |    <0.001 |
|                 gen_srls[0].gen_rep[1].srl_nx1                  |    <0.001 |
|                 gen_srls[0].gen_rep[2].srl_nx1                  |    <0.001 |
|             splitter_aw_mi                                      |    <0.001 |
|     blk_mem_gen_0                                               |     0.005 |
|       U0                                                        |     0.005 |
|         inst_blk_mem_gen                                        |     0.005 |
|           gnbram.gnative_mem_map_bmg.native_mem_map_blk_mem_gen |     0.005 |
|             valid.cstr                                          |     0.005 |
|               ramloop[0].ram.r                                  |     0.003 |
|                 prim_noinit.ram                                 |     0.003 |
|               ramloop[1].ram.r                                  |     0.003 |
|                 prim_noinit.ram                                 |     0.003 |
|     proc_sys_reset_0                                            |    <0.001 |
|       U0                                                        |    <0.001 |
|         EXT_LPF                                                 |    <0.001 |
|           ACTIVE_LOW_AUX.ACT_LO_AUX                             |    <0.001 |
|           ACTIVE_LOW_EXT.ACT_LO_EXT                             |    <0.001 |
|         SEQ                                                     |    <0.001 |
|           SEQ_COUNTER                                           |    <0.001 |
|     processing_system7_0                                        |     1.530 |
|       inst                                                      |     1.530 |
+-----------------------------------------------------------------+-----------+


