
*** Running vivado
    with args -log BlockRam_wrapper.vdi -applog -m64 -product Vivado -messageDb vivado.pb -mode batch -source BlockRam_wrapper.tcl -notrace


****** Vivado v2017.4 (64-bit)
  **** SW Build 2086221 on Fri Dec 15 20:55:39 MST 2017
  **** IP Build 2085800 on Fri Dec 15 22:25:07 MST 2017
    ** Copyright 1986-2017 Xilinx, Inc. All Rights Reserved.

source BlockRam_wrapper.tcl -notrace
INFO: [IP_Flow 19-234] Refreshing IP repositories
INFO: [IP_Flow 19-1700] Loaded user IP repository 'd:/Users/pnguy/Documents/GitHub/EE382N-AdvanceMCU/ip_repo/LFSR_1.0'.
INFO: [IP_Flow 19-2313] Loaded Vivado IP repository 'C:/Xilinx/Vivado/2017.4/data/ip'.
add_files: Time (s): cpu = 00:00:07 ; elapsed = 00:00:07 . Memory (MB): peak = 277.469 ; gain = 41.402
Command: link_design -top BlockRam_wrapper -part xc7z020clg484-1
Design is defaulting to srcset: sources_1
Design is defaulting to constrset: constrs_1
INFO: [Project 1-454] Reading design checkpoint 'd:/Users/pnguy/Documents/GitHub/EE382N-AdvanceMCU/project_1/project_1.srcs/sources_1/bd/BlockRam/ip/BlockRam_LFSR_0_1/BlockRam_LFSR_0_1.dcp' for cell 'BlockRam_i/LFSR_0'
INFO: [Project 1-454] Reading design checkpoint 'd:/Users/pnguy/Documents/GitHub/EE382N-AdvanceMCU/project_1/project_1.srcs/sources_1/bd/BlockRam/ip/BlockRam_axi_bram_ctrl_0_1/BlockRam_axi_bram_ctrl_0_1.dcp' for cell 'BlockRam_i/axi_bram_ctrl_0'
INFO: [Project 1-454] Reading design checkpoint 'd:/Users/pnguy/Documents/GitHub/EE382N-AdvanceMCU/project_1/project_1.srcs/sources_1/bd/BlockRam/ip/BlockRam_axi_bram_ctrl_0_2/BlockRam_axi_bram_ctrl_0_2.dcp' for cell 'BlockRam_i/axi_bram_ctrl_1'
INFO: [Project 1-454] Reading design checkpoint 'd:/Users/pnguy/Documents/GitHub/EE382N-AdvanceMCU/project_1/project_1.srcs/sources_1/bd/BlockRam/ip/BlockRam_axi_gpio_0_0/BlockRam_axi_gpio_0_0.dcp' for cell 'BlockRam_i/axi_gpio_0'
INFO: [Project 1-454] Reading design checkpoint 'd:/Users/pnguy/Documents/GitHub/EE382N-AdvanceMCU/project_1/project_1.srcs/sources_1/bd/BlockRam/ip/BlockRam_blk_mem_gen_0_1/BlockRam_blk_mem_gen_0_1.dcp' for cell 'BlockRam_i/blk_mem_gen_0'
INFO: [Project 1-454] Reading design checkpoint 'd:/Users/pnguy/Documents/GitHub/EE382N-AdvanceMCU/project_1/project_1.srcs/sources_1/bd/BlockRam/ip/BlockRam_proc_sys_reset_0_0/BlockRam_proc_sys_reset_0_0.dcp' for cell 'BlockRam_i/proc_sys_reset_0'
INFO: [Project 1-454] Reading design checkpoint 'd:/Users/pnguy/Documents/GitHub/EE382N-AdvanceMCU/project_1/project_1.srcs/sources_1/bd/BlockRam/ip/BlockRam_processing_system7_0_0/BlockRam_processing_system7_0_0.dcp' for cell 'BlockRam_i/processing_system7_0'
INFO: [Project 1-454] Reading design checkpoint 'd:/Users/pnguy/Documents/GitHub/EE382N-AdvanceMCU/project_1/project_1.srcs/sources_1/bd/BlockRam/ip/BlockRam_xbar_0/BlockRam_xbar_0.dcp' for cell 'BlockRam_i/axi_interconnect_0/xbar'
INFO: [Project 1-454] Reading design checkpoint 'd:/Users/pnguy/Documents/GitHub/EE382N-AdvanceMCU/project_1/project_1.srcs/sources_1/bd/BlockRam/ip/BlockRam_auto_pc_0/BlockRam_auto_pc_0.dcp' for cell 'BlockRam_i/axi_interconnect_0/m02_couplers/auto_pc'
INFO: [Project 1-454] Reading design checkpoint 'd:/Users/pnguy/Documents/GitHub/EE382N-AdvanceMCU/project_1/project_1.srcs/sources_1/bd/BlockRam/ip/BlockRam_auto_pc_1/BlockRam_auto_pc_1.dcp' for cell 'BlockRam_i/axi_interconnect_0/m03_couplers/auto_pc'
INFO: [Project 1-454] Reading design checkpoint 'd:/Users/pnguy/Documents/GitHub/EE382N-AdvanceMCU/project_1/project_1.srcs/sources_1/bd/BlockRam/ip/BlockRam_auto_pc_2/BlockRam_auto_pc_2.dcp' for cell 'BlockRam_i/axi_interconnect_0/s00_couplers/auto_pc'
INFO: [Netlist 29-17] Analyzing 139 Unisim elements for replacement
INFO: [Netlist 29-28] Unisim Transformation completed in 0 CPU seconds
INFO: [Project 1-479] Netlist was created with Vivado 2017.4
INFO: [Device 21-403] Loading part xc7z020clg484-1
INFO: [Project 1-570] Preparing netlist for logic optimization
Parsing XDC File [d:/Users/pnguy/Documents/GitHub/EE382N-AdvanceMCU/project_1/project_1.srcs/sources_1/bd/BlockRam/ip/BlockRam_processing_system7_0_0/BlockRam_processing_system7_0_0.xdc] for cell 'BlockRam_i/processing_system7_0/inst'
Finished Parsing XDC File [d:/Users/pnguy/Documents/GitHub/EE382N-AdvanceMCU/project_1/project_1.srcs/sources_1/bd/BlockRam/ip/BlockRam_processing_system7_0_0/BlockRam_processing_system7_0_0.xdc] for cell 'BlockRam_i/processing_system7_0/inst'
Parsing XDC File [d:/Users/pnguy/Documents/GitHub/EE382N-AdvanceMCU/project_1/project_1.srcs/sources_1/bd/BlockRam/ip/BlockRam_proc_sys_reset_0_0/BlockRam_proc_sys_reset_0_0_board.xdc] for cell 'BlockRam_i/proc_sys_reset_0/U0'
Finished Parsing XDC File [d:/Users/pnguy/Documents/GitHub/EE382N-AdvanceMCU/project_1/project_1.srcs/sources_1/bd/BlockRam/ip/BlockRam_proc_sys_reset_0_0/BlockRam_proc_sys_reset_0_0_board.xdc] for cell 'BlockRam_i/proc_sys_reset_0/U0'
Parsing XDC File [d:/Users/pnguy/Documents/GitHub/EE382N-AdvanceMCU/project_1/project_1.srcs/sources_1/bd/BlockRam/ip/BlockRam_proc_sys_reset_0_0/BlockRam_proc_sys_reset_0_0.xdc] for cell 'BlockRam_i/proc_sys_reset_0/U0'
Finished Parsing XDC File [d:/Users/pnguy/Documents/GitHub/EE382N-AdvanceMCU/project_1/project_1.srcs/sources_1/bd/BlockRam/ip/BlockRam_proc_sys_reset_0_0/BlockRam_proc_sys_reset_0_0.xdc] for cell 'BlockRam_i/proc_sys_reset_0/U0'
Parsing XDC File [d:/Users/pnguy/Documents/GitHub/EE382N-AdvanceMCU/project_1/project_1.srcs/sources_1/bd/BlockRam/ip/BlockRam_axi_gpio_0_0/BlockRam_axi_gpio_0_0_board.xdc] for cell 'BlockRam_i/axi_gpio_0/U0'
Finished Parsing XDC File [d:/Users/pnguy/Documents/GitHub/EE382N-AdvanceMCU/project_1/project_1.srcs/sources_1/bd/BlockRam/ip/BlockRam_axi_gpio_0_0/BlockRam_axi_gpio_0_0_board.xdc] for cell 'BlockRam_i/axi_gpio_0/U0'
Parsing XDC File [d:/Users/pnguy/Documents/GitHub/EE382N-AdvanceMCU/project_1/project_1.srcs/sources_1/bd/BlockRam/ip/BlockRam_axi_gpio_0_0/BlockRam_axi_gpio_0_0.xdc] for cell 'BlockRam_i/axi_gpio_0/U0'
Finished Parsing XDC File [d:/Users/pnguy/Documents/GitHub/EE382N-AdvanceMCU/project_1/project_1.srcs/sources_1/bd/BlockRam/ip/BlockRam_axi_gpio_0_0/BlockRam_axi_gpio_0_0.xdc] for cell 'BlockRam_i/axi_gpio_0/U0'
INFO: [Opt 31-138] Pushed 0 inverter(s) to 0 load pin(s).
Generating merged BMM file for the design top 'BlockRam_wrapper'...
INFO: [Project 1-111] Unisim Transformation Summary:
No Unisim elements were transformed.

21 Infos, 0 Warnings, 0 Critical Warnings and 0 Errors encountered.
link_design completed successfully
link_design: Time (s): cpu = 00:00:25 ; elapsed = 00:00:30 . Memory (MB): peak = 669.406 ; gain = 391.938
Command: opt_design
Attempting to get a license for feature 'Implementation' and/or device 'xc7z020'
INFO: [Common 17-349] Got license for feature 'Implementation' and/or device 'xc7z020'
Running DRC as a precondition to command opt_design

Starting DRC Task
INFO: [DRC 23-27] Running DRC with 2 threads
INFO: [Project 1-461] DRC finished with 0 Errors
INFO: [Project 1-462] Please refer to the DRC report (report_drc) for more information.

Time (s): cpu = 00:00:03 ; elapsed = 00:00:01 . Memory (MB): peak = 677.113 ; gain = 7.707
INFO: [Timing 38-35] Done setting XDC timing constraints.

Starting Logic Optimization Task

Phase 1 Retarget
INFO: [Opt 31-138] Pushed 2 inverter(s) to 4 load pin(s).
INFO: [Opt 31-49] Retargeted 0 cell(s).
Phase 1 Retarget | Checksum: 18d298fdc

Time (s): cpu = 00:00:01 ; elapsed = 00:00:01 . Memory (MB): peak = 1236.242 ; gain = 0.000
INFO: [Opt 31-389] Phase Retarget created 18 cells and removed 51 cells

Phase 2 Constant propagation
INFO: [Opt 31-138] Pushed 2 inverter(s) to 2 load pin(s).
Phase 2 Constant propagation | Checksum: 17f82669e

Time (s): cpu = 00:00:02 ; elapsed = 00:00:02 . Memory (MB): peak = 1236.242 ; gain = 0.000
INFO: [Opt 31-389] Phase Constant propagation created 55 cells and removed 187 cells

Phase 3 Sweep
Phase 3 Sweep | Checksum: 11fd398d0

Time (s): cpu = 00:00:04 ; elapsed = 00:00:04 . Memory (MB): peak = 1236.242 ; gain = 0.000
INFO: [Opt 31-389] Phase Sweep created 8 cells and removed 620 cells

Phase 4 BUFG optimization
Phase 4 BUFG optimization | Checksum: 11fd398d0

Time (s): cpu = 00:00:04 ; elapsed = 00:00:04 . Memory (MB): peak = 1236.242 ; gain = 0.000
INFO: [Opt 31-389] Phase BUFG optimization created 0 cells and removed 0 cells

Phase 5 Shift Register Optimization
Phase 5 Shift Register Optimization | Checksum: 11fd398d0

Time (s): cpu = 00:00:05 ; elapsed = 00:00:04 . Memory (MB): peak = 1236.242 ; gain = 0.000
INFO: [Opt 31-389] Phase Shift Register Optimization created 0 cells and removed 0 cells

Starting Connectivity Check Task

Time (s): cpu = 00:00:00 ; elapsed = 00:00:00.022 . Memory (MB): peak = 1236.242 ; gain = 0.000
Ending Logic Optimization Task | Checksum: 144c4ec42

Time (s): cpu = 00:00:05 ; elapsed = 00:00:05 . Memory (MB): peak = 1236.242 ; gain = 0.000

Starting Power Optimization Task
INFO: [Pwropt 34-132] Skipping clock gating for clocks with a period < 2.00 ns.
INFO: [Pwropt 34-9] Applying IDT optimizations ...
INFO: [Pwropt 34-10] Applying ODC optimizations ...
INFO: [Timing 38-35] Done setting XDC timing constraints.
INFO: [Physopt 32-619] Estimated Timing Summary | WNS=1.655 | TNS=0.000 |
Running Vector-less Activity Propagation...

Finished Running Vector-less Activity Propagation


Starting PowerOpt Patch Enables Task
INFO: [Pwropt 34-162] WRITE_MODE attribute of 0 BRAM(s) out of a total of 2 has been updated to save power. Run report_power_opt to get a complete listing of the BRAMs updated.
INFO: [Pwropt 34-201] Structural ODC has moved 0 WE to EN ports
Number of BRAM Ports augmented: 0 newly gated: 0 Total Ports: 4
Ending PowerOpt Patch Enables Task | Checksum: 159aec044

Time (s): cpu = 00:00:00 ; elapsed = 00:00:00.032 . Memory (MB): peak = 1383.676 ; gain = 0.000
Ending Power Optimization Task | Checksum: 159aec044

Time (s): cpu = 00:00:04 ; elapsed = 00:00:03 . Memory (MB): peak = 1383.676 ; gain = 147.434
INFO: [Common 17-83] Releasing license: Implementation
42 Infos, 0 Warnings, 0 Critical Warnings and 0 Errors encountered.
opt_design completed successfully
opt_design: Time (s): cpu = 00:00:40 ; elapsed = 00:00:37 . Memory (MB): peak = 1383.676 ; gain = 714.270
Writing placer database...
Writing XDEF routing.
Writing XDEF routing logical nets.
Writing XDEF routing special nets.
Write XDEF Complete: Time (s): cpu = 00:00:00 ; elapsed = 00:00:00.092 . Memory (MB): peak = 1383.676 ; gain = 0.000
INFO: [Common 17-1381] The checkpoint 'D:/Users/pnguy/Documents/GitHub/EE382N-AdvanceMCU/project_1/project_1.runs/impl_1/BlockRam_wrapper_opt.dcp' has been generated.
INFO: [runtcl-4] Executing : report_drc -file BlockRam_wrapper_drc_opted.rpt -pb BlockRam_wrapper_drc_opted.pb -rpx BlockRam_wrapper_drc_opted.rpx
Command: report_drc -file BlockRam_wrapper_drc_opted.rpt -pb BlockRam_wrapper_drc_opted.pb -rpx BlockRam_wrapper_drc_opted.rpx
INFO: [IP_Flow 19-1839] IP Catalog is up to date.
INFO: [DRC 23-27] Running DRC with 2 threads
INFO: [Coretcl 2-168] The results of DRC are in file D:/Users/pnguy/Documents/GitHub/EE382N-AdvanceMCU/project_1/project_1.runs/impl_1/BlockRam_wrapper_drc_opted.rpt.
report_drc completed successfully
INFO: [Chipscope 16-241] No debug cores found in the current design.
Before running the implement_debug_core command, either use the Set Up Debug wizard (GUI mode)
or use the create_debug_core and connect_debug_core Tcl commands to insert debug cores into the design.
Command: place_design
Attempting to get a license for feature 'Implementation' and/or device 'xc7z020'
INFO: [Common 17-349] Got license for feature 'Implementation' and/or device 'xc7z020'
INFO: [DRC 23-27] Running DRC with 2 threads
INFO: [Vivado_Tcl 4-198] DRC finished with 0 Errors
INFO: [Vivado_Tcl 4-199] Please refer to the DRC report (report_drc) for more information.
Running DRC as a precondition to command place_design
INFO: [DRC 23-27] Running DRC with 2 threads
INFO: [Vivado_Tcl 4-198] DRC finished with 0 Errors
INFO: [Vivado_Tcl 4-199] Please refer to the DRC report (report_drc) for more information.

Starting Placer Task
INFO: [Place 30-611] Multithreading enabled for place_design using a maximum of 2 CPUs

Phase 1 Placer Initialization

Phase 1.1 Placer Initialization Netlist Sorting
Netlist sorting complete. Time (s): cpu = 00:00:00 ; elapsed = 00:00:00.013 . Memory (MB): peak = 1383.676 ; gain = 0.000
Phase 1.1 Placer Initialization Netlist Sorting | Checksum: 12791db66

Time (s): cpu = 00:00:00 ; elapsed = 00:00:00.021 . Memory (MB): peak = 1383.676 ; gain = 0.000
INFO: [Timing 38-35] Done setting XDC timing constraints.
INFO: [Opt 31-138] Pushed 0 inverter(s) to 0 load pin(s).
Netlist sorting complete. Time (s): cpu = 00:00:00 ; elapsed = 00:00:00.014 . Memory (MB): peak = 1383.676 ; gain = 0.000

Phase 1.2 IO Placement/ Clock Placement/ Build Placer Device
INFO: [Timing 38-35] Done setting XDC timing constraints.
Phase 1.2 IO Placement/ Clock Placement/ Build Placer Device | Checksum: f6c2092d

Time (s): cpu = 00:00:04 ; elapsed = 00:00:03 . Memory (MB): peak = 1383.676 ; gain = 0.000

Phase 1.3 Build Placer Netlist Model
Phase 1.3 Build Placer Netlist Model | Checksum: 1144a972e

Time (s): cpu = 00:00:05 ; elapsed = 00:00:04 . Memory (MB): peak = 1383.676 ; gain = 0.000

Phase 1.4 Constrain Clocks/Macros
Phase 1.4 Constrain Clocks/Macros | Checksum: 1144a972e

Time (s): cpu = 00:00:05 ; elapsed = 00:00:04 . Memory (MB): peak = 1383.676 ; gain = 0.000
Phase 1 Placer Initialization | Checksum: 1144a972e

Time (s): cpu = 00:00:05 ; elapsed = 00:00:04 . Memory (MB): peak = 1383.676 ; gain = 0.000

Phase 2 Global Placement
Phase 2 Global Placement | Checksum: 15e53426e

Time (s): cpu = 00:00:11 ; elapsed = 00:00:08 . Memory (MB): peak = 1383.676 ; gain = 0.000

Phase 3 Detail Placement

Phase 3.1 Commit Multi Column Macros
Phase 3.1 Commit Multi Column Macros | Checksum: 15e53426e

Time (s): cpu = 00:00:11 ; elapsed = 00:00:08 . Memory (MB): peak = 1383.676 ; gain = 0.000

Phase 3.2 Commit Most Macros & LUTRAMs
Phase 3.2 Commit Most Macros & LUTRAMs | Checksum: 221869b87

Time (s): cpu = 00:00:12 ; elapsed = 00:00:09 . Memory (MB): peak = 1383.676 ; gain = 0.000

Phase 3.3 Area Swap Optimization
Phase 3.3 Area Swap Optimization | Checksum: 2297f6d20

Time (s): cpu = 00:00:12 ; elapsed = 00:00:09 . Memory (MB): peak = 1383.676 ; gain = 0.000

Phase 3.4 Pipeline Register Optimization
Phase 3.4 Pipeline Register Optimization | Checksum: 2297f6d20

Time (s): cpu = 00:00:12 ; elapsed = 00:00:09 . Memory (MB): peak = 1383.676 ; gain = 0.000

Phase 3.5 Small Shape Detail Placement
Phase 3.5 Small Shape Detail Placement | Checksum: 1a447a892

Time (s): cpu = 00:00:15 ; elapsed = 00:00:11 . Memory (MB): peak = 1383.676 ; gain = 0.000

Phase 3.6 Re-assign LUT pins
Phase 3.6 Re-assign LUT pins | Checksum: 158b7bda4

Time (s): cpu = 00:00:15 ; elapsed = 00:00:11 . Memory (MB): peak = 1383.676 ; gain = 0.000

Phase 3.7 Pipeline Register Optimization
Phase 3.7 Pipeline Register Optimization | Checksum: 158b7bda4

Time (s): cpu = 00:00:15 ; elapsed = 00:00:11 . Memory (MB): peak = 1383.676 ; gain = 0.000
Phase 3 Detail Placement | Checksum: 158b7bda4

Time (s): cpu = 00:00:15 ; elapsed = 00:00:11 . Memory (MB): peak = 1383.676 ; gain = 0.000

Phase 4 Post Placement Optimization and Clean-Up

Phase 4.1 Post Commit Optimization
INFO: [Timing 38-35] Done setting XDC timing constraints.

Phase 4.1.1 Post Placement Optimization
Post Placement Optimization Initialization | Checksum: 166e223f2

Phase 4.1.1.1 BUFG Insertion
INFO: [Physopt 32-721] Multithreading enabled for phys_opt_design using a maximum of 2 CPUs
INFO: [Place 46-31] BUFG insertion identified 0 candidate nets, 0 success, 0 skipped for placement/routing, 0 skipped for timing, 0 skipped for netlist change reason.
Phase 4.1.1.1 BUFG Insertion | Checksum: 166e223f2

Time (s): cpu = 00:00:16 ; elapsed = 00:00:12 . Memory (MB): peak = 1383.676 ; gain = 0.000
INFO: [Place 30-746] Post Placement Timing Summary WNS=0.901. For the most accurate timing information please run report_timing.
Phase 4.1.1 Post Placement Optimization | Checksum: 1929edb2c

Time (s): cpu = 00:00:16 ; elapsed = 00:00:12 . Memory (MB): peak = 1383.676 ; gain = 0.000
Phase 4.1 Post Commit Optimization | Checksum: 1929edb2c

Time (s): cpu = 00:00:16 ; elapsed = 00:00:12 . Memory (MB): peak = 1383.676 ; gain = 0.000

Phase 4.2 Post Placement Cleanup
Phase 4.2 Post Placement Cleanup | Checksum: 1929edb2c

Time (s): cpu = 00:00:17 ; elapsed = 00:00:12 . Memory (MB): peak = 1383.676 ; gain = 0.000

Phase 4.3 Placer Reporting
Phase 4.3 Placer Reporting | Checksum: 1929edb2c

Time (s): cpu = 00:00:17 ; elapsed = 00:00:12 . Memory (MB): peak = 1383.676 ; gain = 0.000

Phase 4.4 Final Placement Cleanup
Phase 4.4 Final Placement Cleanup | Checksum: 21222d05e

Time (s): cpu = 00:00:17 ; elapsed = 00:00:12 . Memory (MB): peak = 1383.676 ; gain = 0.000
Phase 4 Post Placement Optimization and Clean-Up | Checksum: 21222d05e

Time (s): cpu = 00:00:17 ; elapsed = 00:00:12 . Memory (MB): peak = 1383.676 ; gain = 0.000
Ending Placer Task | Checksum: 17ad61042

Time (s): cpu = 00:00:17 ; elapsed = 00:00:12 . Memory (MB): peak = 1383.676 ; gain = 0.000
INFO: [Common 17-83] Releasing license: Implementation
64 Infos, 0 Warnings, 0 Critical Warnings and 0 Errors encountered.
place_design completed successfully
place_design: Time (s): cpu = 00:00:19 ; elapsed = 00:00:15 . Memory (MB): peak = 1383.676 ; gain = 0.000
Writing placer database...
Writing XDEF routing.
Writing XDEF routing logical nets.
Writing XDEF routing special nets.
Write XDEF Complete: Time (s): cpu = 00:00:01 ; elapsed = 00:00:00.448 . Memory (MB): peak = 1383.676 ; gain = 0.000
INFO: [Common 17-1381] The checkpoint 'D:/Users/pnguy/Documents/GitHub/EE382N-AdvanceMCU/project_1/project_1.runs/impl_1/BlockRam_wrapper_placed.dcp' has been generated.
INFO: [runtcl-4] Executing : report_io -file BlockRam_wrapper_io_placed.rpt
report_io: Time (s): cpu = 00:00:00 ; elapsed = 00:00:00.096 . Memory (MB): peak = 1383.676 ; gain = 0.000
INFO: [runtcl-4] Executing : report_utilization -file BlockRam_wrapper_utilization_placed.rpt -pb BlockRam_wrapper_utilization_placed.pb
report_utilization: Time (s): cpu = 00:00:00 ; elapsed = 00:00:00.106 . Memory (MB): peak = 1383.676 ; gain = 0.000
INFO: [runtcl-4] Executing : report_control_sets -verbose -file BlockRam_wrapper_control_sets_placed.rpt
report_control_sets: Time (s): cpu = 00:00:00 ; elapsed = 00:00:00.021 . Memory (MB): peak = 1383.676 ; gain = 0.000
Command: route_design
Attempting to get a license for feature 'Implementation' and/or device 'xc7z020'
INFO: [Common 17-349] Got license for feature 'Implementation' and/or device 'xc7z020'
Running DRC as a precondition to command route_design
INFO: [DRC 23-27] Running DRC with 2 threads
INFO: [Vivado_Tcl 4-198] DRC finished with 0 Errors
INFO: [Vivado_Tcl 4-199] Please refer to the DRC report (report_drc) for more information.


Starting Routing Task
INFO: [Route 35-254] Multithreading enabled for route_design using a maximum of 2 CPUs
Checksum: PlaceDB: 9179e9db ConstDB: 0 ShapeSum: e95c2667 RouteDB: 0

Phase 1 Build RT Design
Phase 1 Build RT Design | Checksum: 92b424bd

Time (s): cpu = 00:00:33 ; elapsed = 00:00:30 . Memory (MB): peak = 1400.762 ; gain = 17.086
Post Restoration Checksum: NetGraph: 2c007138 NumContArr: 66b3b385 Constraints: 0 Timing: 0

Phase 2 Router Initialization

Phase 2.1 Create Timer
Phase 2.1 Create Timer | Checksum: 92b424bd

Time (s): cpu = 00:00:34 ; elapsed = 00:00:30 . Memory (MB): peak = 1400.762 ; gain = 17.086

Phase 2.2 Fix Topology Constraints
Phase 2.2 Fix Topology Constraints | Checksum: 92b424bd

Time (s): cpu = 00:00:34 ; elapsed = 00:00:30 . Memory (MB): peak = 1400.762 ; gain = 17.086

Phase 2.3 Pre Route Cleanup
Phase 2.3 Pre Route Cleanup | Checksum: 92b424bd

Time (s): cpu = 00:00:34 ; elapsed = 00:00:30 . Memory (MB): peak = 1400.762 ; gain = 17.086
 Number of Nodes with overlaps = 0

Phase 2.4 Update Timing
Phase 2.4 Update Timing | Checksum: 14b040a79

Time (s): cpu = 00:00:36 ; elapsed = 00:00:31 . Memory (MB): peak = 1408.004 ; gain = 24.328
INFO: [Route 35-416] Intermediate Timing Summary | WNS=0.982  | TNS=0.000  | WHS=-0.354 | THS=-67.017|

Phase 2 Router Initialization | Checksum: 176afd1da

Time (s): cpu = 00:00:36 ; elapsed = 00:00:32 . Memory (MB): peak = 1408.004 ; gain = 24.328

Phase 3 Initial Routing
Phase 3 Initial Routing | Checksum: ce5d8025

Time (s): cpu = 00:00:37 ; elapsed = 00:00:32 . Memory (MB): peak = 1408.004 ; gain = 24.328

Phase 4 Rip-up And Reroute

Phase 4.1 Global Iteration 0
 Number of Nodes with overlaps = 703
 Number of Nodes with overlaps = 145
 Number of Nodes with overlaps = 34
 Number of Nodes with overlaps = 11
 Number of Nodes with overlaps = 4
 Number of Nodes with overlaps = 5
 Number of Nodes with overlaps = 2
 Number of Nodes with overlaps = 0
INFO: [Route 35-416] Intermediate Timing Summary | WNS=0.870  | TNS=0.000  | WHS=N/A    | THS=N/A    |

Phase 4.1 Global Iteration 0 | Checksum: 17ce3dedd

Time (s): cpu = 00:00:41 ; elapsed = 00:00:35 . Memory (MB): peak = 1408.004 ; gain = 24.328

Phase 4.2 Global Iteration 1
 Number of Nodes with overlaps = 7
 Number of Nodes with overlaps = 5
 Number of Nodes with overlaps = 2
 Number of Nodes with overlaps = 0
INFO: [Route 35-416] Intermediate Timing Summary | WNS=0.870  | TNS=0.000  | WHS=N/A    | THS=N/A    |

Phase 4.2 Global Iteration 1 | Checksum: 1a22066a9

Time (s): cpu = 00:00:42 ; elapsed = 00:00:35 . Memory (MB): peak = 1408.004 ; gain = 24.328
Phase 4 Rip-up And Reroute | Checksum: 1a22066a9

Time (s): cpu = 00:00:42 ; elapsed = 00:00:35 . Memory (MB): peak = 1408.004 ; gain = 24.328

Phase 5 Delay and Skew Optimization

Phase 5.1 Delay CleanUp
Phase 5.1 Delay CleanUp | Checksum: 1a22066a9

Time (s): cpu = 00:00:42 ; elapsed = 00:00:35 . Memory (MB): peak = 1408.004 ; gain = 24.328

Phase 5.2 Clock Skew Optimization
Phase 5.2 Clock Skew Optimization | Checksum: 1a22066a9

Time (s): cpu = 00:00:42 ; elapsed = 00:00:35 . Memory (MB): peak = 1408.004 ; gain = 24.328
Phase 5 Delay and Skew Optimization | Checksum: 1a22066a9

Time (s): cpu = 00:00:42 ; elapsed = 00:00:35 . Memory (MB): peak = 1408.004 ; gain = 24.328

Phase 6 Post Hold Fix

Phase 6.1 Hold Fix Iter

Phase 6.1.1 Update Timing
Phase 6.1.1 Update Timing | Checksum: 10569107d

Time (s): cpu = 00:00:42 ; elapsed = 00:00:35 . Memory (MB): peak = 1408.004 ; gain = 24.328
INFO: [Route 35-416] Intermediate Timing Summary | WNS=0.985  | TNS=0.000  | WHS=0.020  | THS=0.000  |

Phase 6.1 Hold Fix Iter | Checksum: ff09322a

Time (s): cpu = 00:00:42 ; elapsed = 00:00:35 . Memory (MB): peak = 1408.004 ; gain = 24.328
Phase 6 Post Hold Fix | Checksum: ff09322a

Time (s): cpu = 00:00:42 ; elapsed = 00:00:35 . Memory (MB): peak = 1408.004 ; gain = 24.328

Phase 7 Route finalize

Router Utilization Summary
  Global Vertical Routing Utilization    = 0.759397 %
  Global Horizontal Routing Utilization  = 0.949882 %
  Routable Net Status*
  *Does not include unroutable nets such as driverless and loadless.
  Run report_route_status for detailed report.
  Number of Failed Nets               = 0
  Number of Unrouted Nets             = 0
  Number of Partially Routed Nets     = 0
  Number of Node Overlaps             = 0

Phase 7 Route finalize | Checksum: 15f218d60

Time (s): cpu = 00:00:42 ; elapsed = 00:00:35 . Memory (MB): peak = 1408.004 ; gain = 24.328

Phase 8 Verifying routed nets

 Verification completed successfully
Phase 8 Verifying routed nets | Checksum: 15f218d60

Time (s): cpu = 00:00:42 ; elapsed = 00:00:35 . Memory (MB): peak = 1408.004 ; gain = 24.328

Phase 9 Depositing Routes
Phase 9 Depositing Routes | Checksum: 1fad23299

Time (s): cpu = 00:00:43 ; elapsed = 00:00:36 . Memory (MB): peak = 1408.004 ; gain = 24.328

Phase 10 Post Router Timing
INFO: [Route 35-57] Estimated Timing Summary | WNS=0.985  | TNS=0.000  | WHS=0.020  | THS=0.000  |

INFO: [Route 35-327] The final timing numbers are based on the router estimated timing analysis. For a complete and accurate timing signoff, please run report_timing_summary.
Phase 10 Post Router Timing | Checksum: 1fad23299

Time (s): cpu = 00:00:43 ; elapsed = 00:00:36 . Memory (MB): peak = 1408.004 ; gain = 24.328
INFO: [Route 35-16] Router Completed Successfully

Time (s): cpu = 00:00:43 ; elapsed = 00:00:36 . Memory (MB): peak = 1408.004 ; gain = 24.328

Routing Is Done.
INFO: [Common 17-83] Releasing license: Implementation
81 Infos, 0 Warnings, 0 Critical Warnings and 0 Errors encountered.
route_design completed successfully
route_design: Time (s): cpu = 00:00:47 ; elapsed = 00:00:38 . Memory (MB): peak = 1408.004 ; gain = 24.328
Writing placer database...
Writing XDEF routing.
Writing XDEF routing logical nets.
Writing XDEF routing special nets.
Write XDEF Complete: Time (s): cpu = 00:00:02 ; elapsed = 00:00:00.631 . Memory (MB): peak = 1408.004 ; gain = 0.000
INFO: [Common 17-1381] The checkpoint 'D:/Users/pnguy/Documents/GitHub/EE382N-AdvanceMCU/project_1/project_1.runs/impl_1/BlockRam_wrapper_routed.dcp' has been generated.
INFO: [runtcl-4] Executing : report_drc -file BlockRam_wrapper_drc_routed.rpt -pb BlockRam_wrapper_drc_routed.pb -rpx BlockRam_wrapper_drc_routed.rpx
Command: report_drc -file BlockRam_wrapper_drc_routed.rpt -pb BlockRam_wrapper_drc_routed.pb -rpx BlockRam_wrapper_drc_routed.rpx
INFO: [IP_Flow 19-1839] IP Catalog is up to date.
INFO: [DRC 23-27] Running DRC with 2 threads
INFO: [Coretcl 2-168] The results of DRC are in file D:/Users/pnguy/Documents/GitHub/EE382N-AdvanceMCU/project_1/project_1.runs/impl_1/BlockRam_wrapper_drc_routed.rpt.
report_drc completed successfully
INFO: [runtcl-4] Executing : report_methodology -file BlockRam_wrapper_methodology_drc_routed.rpt -pb BlockRam_wrapper_methodology_drc_routed.pb -rpx BlockRam_wrapper_methodology_drc_routed.rpx
Command: report_methodology -file BlockRam_wrapper_methodology_drc_routed.rpt -pb BlockRam_wrapper_methodology_drc_routed.pb -rpx BlockRam_wrapper_methodology_drc_routed.rpx
INFO: [Timing 38-35] Done setting XDC timing constraints.
INFO: [Timing 38-35] Done setting XDC timing constraints.
INFO: [DRC 23-133] Running Methodology with 2 threads
INFO: [Coretcl 2-1520] The results of Report Methodology are in file D:/Users/pnguy/Documents/GitHub/EE382N-AdvanceMCU/project_1/project_1.runs/impl_1/BlockRam_wrapper_methodology_drc_routed.rpt.
report_methodology completed successfully
INFO: [runtcl-4] Executing : report_power -file BlockRam_wrapper_power_routed.rpt -pb BlockRam_wrapper_power_summary_routed.pb -rpx BlockRam_wrapper_power_routed.rpx
Command: report_power -file BlockRam_wrapper_power_routed.rpt -pb BlockRam_wrapper_power_summary_routed.pb -rpx BlockRam_wrapper_power_routed.rpx
INFO: [Timing 38-35] Done setting XDC timing constraints.
Running Vector-less Activity Propagation...

Finished Running Vector-less Activity Propagation
93 Infos, 0 Warnings, 0 Critical Warnings and 0 Errors encountered.
report_power completed successfully
INFO: [runtcl-4] Executing : report_route_status -file BlockRam_wrapper_route_status.rpt -pb BlockRam_wrapper_route_status.pb
INFO: [runtcl-4] Executing : report_timing_summary -max_paths 10 -file BlockRam_wrapper_timing_summary_routed.rpt -rpx BlockRam_wrapper_timing_summary_routed.rpx -warn_on_violation 
INFO: [Timing 38-91] UpdateTimingParams: Speed grade: -1, Delay Type: min_max.
INFO: [Timing 38-191] Multithreading enabled for timing update using a maximum of 2 CPUs
INFO: [runtcl-4] Executing : report_incremental_reuse -file BlockRam_wrapper_incremental_reuse_routed.rpt
INFO: [Vivado_Tcl 4-545] No incremental reuse to report, no incremental placement and routing data was found.
INFO: [runtcl-4] Executing : report_clock_utilization -file BlockRam_wrapper_clock_utilization_routed.rpt
Command: write_bitstream -force BlockRam_wrapper.bit
Attempting to get a license for feature 'Implementation' and/or device 'xc7z020'
INFO: [Common 17-349] Got license for feature 'Implementation' and/or device 'xc7z020'
Running DRC as a precondition to command write_bitstream
INFO: [IP_Flow 19-1839] IP Catalog is up to date.
INFO: [DRC 23-27] Running DRC with 2 threads
INFO: [Vivado 12-3199] DRC finished with 0 Errors
INFO: [Vivado 12-3200] Please refer to the DRC report (report_drc) for more information.
INFO: [Project 1-821] Please set project.enableDesignId to be 'true'.
INFO: [Designutils 20-2272] Running write_bitstream with 2 threads.
Loading data files...
Loading site data...
Loading route data...
Processing options...
Creating bitmap...
Creating bitstream...
Writing bitstream ./BlockRam_wrapper.bit...
INFO: [Vivado 12-1842] Bitgen Completed Successfully.
INFO: [Project 1-120] WebTalk data collection is mandatory when using a WebPACK part without a full Vivado license. To see the specific WebTalk data collected for your design, open the usage_statistics_webtalk.html or usage_statistics_webtalk.xml file in the implementation directory.
INFO: [Common 17-186] 'D:/Users/pnguy/Documents/GitHub/EE382N-AdvanceMCU/project_1/project_1.runs/impl_1/usage_statistics_webtalk.xml' has been successfully sent to Xilinx on Thu Feb 15 13:41:24 2018. For additional details about this file, please refer to the WebTalk help file at C:/Xilinx/Vivado/2017.4/doc/webtalk_introduction.html.
INFO: [Common 17-83] Releasing license: Implementation
111 Infos, 0 Warnings, 0 Critical Warnings and 0 Errors encountered.
write_bitstream completed successfully
write_bitstream: Time (s): cpu = 00:00:22 ; elapsed = 00:00:20 . Memory (MB): peak = 1884.277 ; gain = 435.621
INFO: [Common 17-206] Exiting Vivado at Thu Feb 15 13:41:24 2018...
