Copyright 1986-2017 Xilinx, Inc. All Rights Reserved.
------------------------------------------------------------------------------------
| Tool Version : Vivado v.2017.4 (win64) Build 2086221 Fri Dec 15 20:55:39 MST 2017
| Date         : Thu Feb 15 13:26:13 2018
| Host         : DESKTOP-D62POV0 running 64-bit major release  (build 9200)
| Command      : upgrade_ip
| Device       : xc7z020clg484-1
------------------------------------------------------------------------------------

Upgrade Log for IP 'BlockRam_LFSR_0_1'

1. Summary
----------

SUCCESS in the upgrade of BlockRam_LFSR_0_1 (xilinx.com:user:LFSR:1.0) from (Rev. 3) to (Rev. 5)






Copyright 1986-2017 Xilinx, Inc. All Rights Reserved.
------------------------------------------------------------------------------------
| Tool Version : Vivado v.2017.4 (win64) Build 2086221 Fri Dec 15 20:55:39 MST 2017
| Date         : Thu Feb 15 12:33:21 2018
| Host         : DESKTOP-D62POV0 running 64-bit major release  (build 9200)
| Command      : upgrade_ip
| Device       : xc7z020clg484-1
------------------------------------------------------------------------------------

Upgrade Log for IP 'BlockRam_LFSR_0_1'

1. Summary
----------

SUCCESS in the conversion of BlockRam_LFSR_0_1 (xilinx.com:user:LFSR:1.0 (Rev. 3)) to Vivado generation flows.






Copyright 1986-2017 Xilinx, Inc. All Rights Reserved.
------------------------------------------------------------------------------------
| Tool Version : Vivado v.2017.4 (win64) Build 2086221 Fri Dec 15 20:55:39 MST 2017
| Date         : Thu Feb 15 12:22:36 2018
| Host         : DESKTOP-D62POV0 running 64-bit major release  (build 9200)
| Command      : upgrade_ip
| Device       : xc7z020clg484-1
------------------------------------------------------------------------------------

Upgrade Log for IP 'BlockRam_LFSR_0_1'

1. Summary
----------

SUCCESS in the upgrade of BlockRam_LFSR_0_1 (xilinx.com:user:LFSR:1.0) from (Rev. 2) to (Rev. 3)






Copyright 1986-2017 Xilinx, Inc. All Rights Reserved.
------------------------------------------------------------------------------------
| Tool Version : Vivado v.2017.4 (win64) Build 2086221 Fri Dec 15 20:55:39 MST 2017
| Date         : Wed Feb 14 22:03:08 2018
| Host         : DESKTOP-D62POV0 running 64-bit major release  (build 9200)
| Command      : upgrade_ip
| Device       : xc7z020clg484-1
------------------------------------------------------------------------------------

Upgrade Log for IP 'BlockRam_LFSR_0_1'

1. Summary
----------

SUCCESS in the conversion of BlockRam_LFSR_0_1 (xilinx.com:user:LFSR:1.0 (Rev. 2)) to Vivado generation flows.






Copyright 1986-2017 Xilinx, Inc. All Rights Reserved.
------------------------------------------------------------------------------------
| Tool Version : Vivado v.2017.4 (win64) Build 2086221 Fri Dec 15 20:55:39 MST 2017
| Date         : Wed Feb 14 22:00:55 2018
| Host         : DESKTOP-D62POV0 running 64-bit major release  (build 9200)
| Command      : upgrade_ip
| Device       : xc7z020clg484-1
------------------------------------------------------------------------------------

Upgrade Log for IP 'BlockRam_LFSR_0_1'

1. Summary
----------

SUCCESS in the upgrade of BlockRam_LFSR_0_1 (xilinx.com:user:LFSR:1.0) from (Rev. 1) to (Rev. 2)

