#-----------------------------------------------------------
# Vivado v2017.4 (64-bit)
# SW Build 2086221 on Fri Dec 15 20:55:39 MST 2017
# IP Build 2085800 on Fri Dec 15 22:25:07 MST 2017
# Start of session at: Tue Feb 20 15:55:03 2018
# Process ID: 16676
# Current directory: D:/Users/pnguy/Documents/GitHub/EE382N-AdvanceMCU/Proj1/project_1
# Command line: vivado.exe -gui_launcher_event rodinguilauncherevent4072 D:\Users\pnguy\Documents\GitHub\EE382N-AdvanceMCU\Proj1\project_1\project_1.xpr
# Log file: D:/Users/pnguy/Documents/GitHub/EE382N-AdvanceMCU/Proj1/project_1/vivado.log
# Journal file: D:/Users/pnguy/Documents/GitHub/EE382N-AdvanceMCU/Proj1/project_1\vivado.jou
#-----------------------------------------------------------
start_gui
open_project D:/Users/pnguy/Documents/GitHub/EE382N-AdvanceMCU/Proj1/project_1/project_1.xpr
INFO: [Project 1-313] Project file moved from 'D:/Users/pnguy/Documents/GitHub/EE382N-AdvanceMCU/project_1' since last save.
Scanning sources...
Finished scanning sources
INFO: [filemgmt 56-1] IP Repository Path: Directory not found as 'D:/Users/pnguy/Documents/GitHub/EE382N-AdvanceMCU/Proj1/ip_repo/LFSR_1.0'; using path 'D:/Users/pnguy/Documents/GitHub/EE382N-AdvanceMCU/ip_repo/LFSR_1.0' instead.
INFO: [IP_Flow 19-234] Refreshing IP repositories
INFO: [IP_Flow 19-1700] Loaded user IP repository 'd:/Users/pnguy/Documents/GitHub/EE382N-AdvanceMCU/ip_repo/LFSR_1.0'.
INFO: [IP_Flow 19-2313] Loaded Vivado IP repository 'C:/Xilinx/Vivado/2017.4/data/ip'.
open_project: Time (s): cpu = 00:00:22 ; elapsed = 00:00:13 . Memory (MB): peak = 803.277 ; gain = 123.918
update_compile_order -fileset sources_1
create_bd_design "design_1"
Wrote  : <D:/Users/pnguy/Documents/GitHub/EE382N-AdvanceMCU/Proj1/project_1/project_1.srcs/sources_1/bd/design_1/design_1.bd> 
create_bd_design: Time (s): cpu = 00:00:11 ; elapsed = 00:00:09 . Memory (MB): peak = 890.121 ; gain = 83.215
update_compile_order -fileset sources_1
